running egg_info
creating ../build/turtlebot_interceptor/turtlebot_interceptor.egg-info
writing ../build/turtlebot_interceptor/turtlebot_interceptor.egg-info/PKG-INFO
writing dependency_links to ../build/turtlebot_interceptor/turtlebot_interceptor.egg-info/dependency_links.txt
writing entry points to ../build/turtlebot_interceptor/turtlebot_interceptor.egg-info/entry_points.txt
writing requirements to ../build/turtlebot_interceptor/turtlebot_interceptor.egg-info/requires.txt
writing top-level names to ../build/turtlebot_interceptor/turtlebot_interceptor.egg-info/top_level.txt
writing manifest file '../build/turtlebot_interceptor/turtlebot_interceptor.egg-info/SOURCES.txt'
reading manifest file '../build/turtlebot_interceptor/turtlebot_interceptor.egg-info/SOURCES.txt'
writing manifest file '../build/turtlebot_interceptor/turtlebot_interceptor.egg-info/SOURCES.txt'
running build
running build_py
creating /mnt/c/Users/rkwon/Documents/106/eecs106a-finalproject/build/turtlebot_interceptor/build
creating /mnt/c/Users/rkwon/Documents/106/eecs106a-finalproject/build/turtlebot_interceptor/build/lib
creating /mnt/c/Users/rkwon/Documents/106/eecs106a-finalproject/build/turtlebot_interceptor/build/lib/turtlebot_interceptor
copying turtlebot_interceptor/planner.py -> /mnt/c/Users/rkwon/Documents/106/eecs106a-finalproject/build/turtlebot_interceptor/build/lib/turtlebot_interceptor
copying turtlebot_interceptor/trajectory.py -> /mnt/c/Users/rkwon/Documents/106/eecs106a-finalproject/build/turtlebot_interceptor/build/lib/turtlebot_interceptor
copying turtlebot_interceptor/__init__.py -> /mnt/c/Users/rkwon/Documents/106/eecs106a-finalproject/build/turtlebot_interceptor/build/lib/turtlebot_interceptor
running install
running install_lib
creating /mnt/c/Users/rkwon/Documents/106/eecs106a-finalproject/install/turtlebot_interceptor/lib/python3.10/site-packages/turtlebot_interceptor
copying /mnt/c/Users/rkwon/Documents/106/eecs106a-finalproject/build/turtlebot_interceptor/build/lib/turtlebot_interceptor/planner.py -> /mnt/c/Users/rkwon/Documents/106/eecs106a-finalproject/install/turtlebot_interceptor/lib/python3.10/site-packages/turtlebot_interceptor
copying /mnt/c/Users/rkwon/Documents/106/eecs106a-finalproject/build/turtlebot_interceptor/build/lib/turtlebot_interceptor/trajectory.py -> /mnt/c/Users/rkwon/Documents/106/eecs106a-finalproject/install/turtlebot_interceptor/lib/python3.10/site-packages/turtlebot_interceptor
copying /mnt/c/Users/rkwon/Documents/106/eecs106a-finalproject/build/turtlebot_interceptor/build/lib/turtlebot_interceptor/__init__.py -> /mnt/c/Users/rkwon/Documents/106/eecs106a-finalproject/install/turtlebot_interceptor/lib/python3.10/site-packages/turtlebot_interceptor
byte-compiling /mnt/c/Users/rkwon/Documents/106/eecs106a-finalproject/install/turtlebot_interceptor/lib/python3.10/site-packages/turtlebot_interceptor/planner.py to planner.cpython-310.pyc
byte-compiling /mnt/c/Users/rkwon/Documents/106/eecs106a-finalproject/install/turtlebot_interceptor/lib/python3.10/site-packages/turtlebot_interceptor/trajectory.py to trajectory.cpython-310.pyc
byte-compiling /mnt/c/Users/rkwon/Documents/106/eecs106a-finalproject/install/turtlebot_interceptor/lib/python3.10/site-packages/turtlebot_interceptor/__init__.py to __init__.cpython-310.pyc
running install_data
creating /mnt/c/Users/rkwon/Documents/106/eecs106a-finalproject/install/turtlebot_interceptor/share/ament_index
creating /mnt/c/Users/rkwon/Documents/106/eecs106a-finalproject/install/turtlebot_interceptor/share/ament_index/resource_index
creating /mnt/c/Users/rkwon/Documents/106/eecs106a-finalproject/install/turtlebot_interceptor/share/ament_index/resource_index/packages
copying resource/turtlebot_interceptor -> /mnt/c/Users/rkwon/Documents/106/eecs106a-finalproject/install/turtlebot_interceptor/share/ament_index/resource_index/packages
copying package.xml -> /mnt/c/Users/rkwon/Documents/106/eecs106a-finalproject/install/turtlebot_interceptor/share/turtlebot_interceptor
running install_egg_info
Copying ../build/turtlebot_interceptor/turtlebot_interceptor.egg-info to /mnt/c/Users/rkwon/Documents/106/eecs106a-finalproject/install/turtlebot_interceptor/lib/python3.10/site-packages/turtlebot_interceptor-0.0.0-py3.10.egg-info
running install_scripts
writing list of installed files to '/mnt/c/Users/rkwon/Documents/106/eecs106a-finalproject/build/turtlebot_interceptor/install.log'
