running egg_info
writing ../build/turtlebot_interceptor/turtlebot_interceptor.egg-info/PKG-INFO
writing dependency_links to ../build/turtlebot_interceptor/turtlebot_interceptor.egg-info/dependency_links.txt
writing entry points to ../build/turtlebot_interceptor/turtlebot_interceptor.egg-info/entry_points.txt
writing requirements to ../build/turtlebot_interceptor/turtlebot_interceptor.egg-info/requires.txt
writing top-level names to ../build/turtlebot_interceptor/turtlebot_interceptor.egg-info/top_level.txt
reading manifest file '../build/turtlebot_interceptor/turtlebot_interceptor.egg-info/SOURCES.txt'
writing manifest file '../build/turtlebot_interceptor/turtlebot_interceptor.egg-info/SOURCES.txt'
running build
running build_py
copying turtlebot_interceptor/planner.py -> /mnt/c/Users/rkwon/Documents/106/eecs106a-finalproject/build/turtlebot_interceptor/build/lib/turtlebot_interceptor
running install
running install_lib
copying /mnt/c/Users/rkwon/Documents/106/eecs106a-finalproject/build/turtlebot_interceptor/build/lib/turtlebot_interceptor/planner.py -> /mnt/c/Users/rkwon/Documents/106/eecs106a-finalproject/install/turtlebot_interceptor/lib/python3.10/site-packages/turtlebot_interceptor
byte-compiling /mnt/c/Users/rkwon/Documents/106/eecs106a-finalproject/install/turtlebot_interceptor/lib/python3.10/site-packages/turtlebot_interceptor/planner.py to planner.cpython-310.pyc
running install_data
running install_egg_info
removing '/mnt/c/Users/rkwon/Documents/106/eecs106a-finalproject/install/turtlebot_interceptor/lib/python3.10/site-packages/turtlebot_interceptor-0.0.0-py3.10.egg-info' (and everything under it)
Copying ../build/turtlebot_interceptor/turtlebot_interceptor.egg-info to /mnt/c/Users/rkwon/Documents/106/eecs106a-finalproject/install/turtlebot_interceptor/lib/python3.10/site-packages/turtlebot_interceptor-0.0.0-py3.10.egg-info
running install_scripts
Installing controller_node script to /mnt/c/Users/rkwon/Documents/106/eecs106a-finalproject/install/turtlebot_interceptor/lib/turtlebot_interceptor
Installing trajectory_node script to /mnt/c/Users/rkwon/Documents/106/eecs106a-finalproject/install/turtlebot_interceptor/lib/turtlebot_interceptor
writing list of installed files to '/mnt/c/Users/rkwon/Documents/106/eecs106a-finalproject/build/turtlebot_interceptor/install.log'
