[1.839s] Invoking command in '/mnt/c/Users/rkwon/Documents/106/eecs106a-finalproject/turtlebot_interceptor': PYTHONPATH=/mnt/c/Users/rkwon/Documents/106/eecs106a-finalproject/build/turtlebot_interceptor/prefix_override:/usr/lib/python3/dist-packages/colcon_core/task/python/colcon_distutils_commands:/mnt/c/Users/rkwon/Documents/106/eecs106a-finalproject/install/turtlebot_interceptor/lib/python3.10/site-packages:${PYTHONPATH} /usr/bin/python3 -W ignore:setup.py install is deprecated -W ignore:easy_install command is deprecated setup.py egg_info --egg-base ../build/turtlebot_interceptor build --build-base /mnt/c/Users/rkwon/Documents/106/eecs106a-finalproject/build/turtlebot_interceptor/build install --record /mnt/c/Users/rkwon/Documents/106/eecs106a-finalproject/build/turtlebot_interceptor/install.log --single-version-externally-managed install_data
[2.647s] running egg_info
[2.653s] writing ../build/turtlebot_interceptor/turtlebot_interceptor.egg-info/PKG-INFO
[2.660s] writing dependency_links to ../build/turtlebot_interceptor/turtlebot_interceptor.egg-info/dependency_links.txt
[2.666s] writing entry points to ../build/turtlebot_interceptor/turtlebot_interceptor.egg-info/entry_points.txt
[2.671s] writing requirements to ../build/turtlebot_interceptor/turtlebot_interceptor.egg-info/requires.txt
[2.674s] writing top-level names to ../build/turtlebot_interceptor/turtlebot_interceptor.egg-info/top_level.txt
[2.709s] reading manifest file '../build/turtlebot_interceptor/turtlebot_interceptor.egg-info/SOURCES.txt'
[2.780s] writing manifest file '../build/turtlebot_interceptor/turtlebot_interceptor.egg-info/SOURCES.txt'
[2.783s] running build
[2.784s] running build_py
[2.799s] copying turtlebot_interceptor/planner.py -> /mnt/c/Users/rkwon/Documents/106/eecs106a-finalproject/build/turtlebot_interceptor/build/lib/turtlebot_interceptor
[2.843s] running install
[2.843s] running install_lib
[2.885s] copying /mnt/c/Users/rkwon/Documents/106/eecs106a-finalproject/build/turtlebot_interceptor/build/lib/turtlebot_interceptor/planner.py -> /mnt/c/Users/rkwon/Documents/106/eecs106a-finalproject/install/turtlebot_interceptor/lib/python3.10/site-packages/turtlebot_interceptor
[2.969s] byte-compiling /mnt/c/Users/rkwon/Documents/106/eecs106a-finalproject/install/turtlebot_interceptor/lib/python3.10/site-packages/turtlebot_interceptor/planner.py to planner.cpython-310.pyc
[3.035s] running install_data
[3.061s] running install_egg_info
[3.072s] removing '/mnt/c/Users/rkwon/Documents/106/eecs106a-finalproject/install/turtlebot_interceptor/lib/python3.10/site-packages/turtlebot_interceptor-0.0.0-py3.10.egg-info' (and everything under it)
[3.131s] Copying ../build/turtlebot_interceptor/turtlebot_interceptor.egg-info to /mnt/c/Users/rkwon/Documents/106/eecs106a-finalproject/install/turtlebot_interceptor/lib/python3.10/site-packages/turtlebot_interceptor-0.0.0-py3.10.egg-info
[3.380s] running install_scripts
[3.453s] Installing controller_node script to /mnt/c/Users/rkwon/Documents/106/eecs106a-finalproject/install/turtlebot_interceptor/lib/turtlebot_interceptor
[3.463s] Installing trajectory_node script to /mnt/c/Users/rkwon/Documents/106/eecs106a-finalproject/install/turtlebot_interceptor/lib/turtlebot_interceptor
[3.476s] writing list of installed files to '/mnt/c/Users/rkwon/Documents/106/eecs106a-finalproject/build/turtlebot_interceptor/install.log'
[3.502s] Invoked command in '/mnt/c/Users/rkwon/Documents/106/eecs106a-finalproject/turtlebot_interceptor' returned '0': PYTHONPATH=/mnt/c/Users/rkwon/Documents/106/eecs106a-finalproject/build/turtlebot_interceptor/prefix_override:/usr/lib/python3/dist-packages/colcon_core/task/python/colcon_distutils_commands:/mnt/c/Users/rkwon/Documents/106/eecs106a-finalproject/install/turtlebot_interceptor/lib/python3.10/site-packages:${PYTHONPATH} /usr/bin/python3 -W ignore:setup.py install is deprecated -W ignore:easy_install command is deprecated setup.py egg_info --egg-base ../build/turtlebot_interceptor build --build-base /mnt/c/Users/rkwon/Documents/106/eecs106a-finalproject/build/turtlebot_interceptor/build install --record /mnt/c/Users/rkwon/Documents/106/eecs106a-finalproject/build/turtlebot_interceptor/install.log --single-version-externally-managed install_data
