[0.221s] DEBUG:colcon:Command line arguments: ['/usr/bin/colcon', 'build']
[0.221s] DEBUG:colcon:Parsed command line arguments: Namespace(log_base=None, log_level=None, verb_name='build', build_base='build', install_base='install', merge_install=False, symlink_install=False, test_result_base=None, continue_on_error=False, executor='parallel', parallel_workers=16, event_handlers=None, ignore_user_meta=False, metas=['./colcon.meta'], base_paths=['.'], packages_ignore=None, packages_ignore_regex=None, paths=None, packages_up_to=None, packages_up_to_regex=None, packages_above=None, packages_above_and_dependencies=None, packages_above_depth=None, packages_select_by_dep=None, packages_skip_by_dep=None, packages_skip_up_to=None, packages_select_build_failed=False, packages_skip_build_finished=False, packages_select_test_failures=False, packages_skip_test_passed=False, packages_select=None, packages_skip=None, packages_select_regex=None, packages_skip_regex=None, packages_start=None, packages_end=None, allow_overriding=[], cmake_args=None, cmake_target=None, cmake_target_skip_unavailable=False, cmake_clean_cache=False, cmake_clean_first=False, cmake_force_configure=False, ament_cmake_args=None, catkin_cmake_args=None, catkin_skip_building_tests=False, verb_parser=<colcon_defaults.argument_parser.defaults.DefaultArgumentsDecorator object at 0x73737c012fb0>, verb_extension=<colcon_core.verb.build.BuildVerb object at 0x73737c012aa0>, main=<bound method BuildVerb.main of <colcon_core.verb.build.BuildVerb object at 0x73737c012aa0>>)
[0.521s] Level 1:colcon.colcon_core.package_discovery:discover_packages(colcon_meta) check parameters
[0.521s] Level 1:colcon.colcon_core.package_discovery:discover_packages(recursive) check parameters
[0.521s] Level 1:colcon.colcon_core.package_discovery:discover_packages(ignore) check parameters
[0.522s] Level 1:colcon.colcon_core.package_discovery:discover_packages(path) check parameters
[0.522s] Level 1:colcon.colcon_core.package_discovery:discover_packages(colcon_meta) discover
[0.522s] Level 1:colcon.colcon_core.package_discovery:discover_packages(recursive) discover
[0.522s] INFO:colcon.colcon_core.package_discovery:Crawling recursively for packages in '/mnt/c/Users/rkwon/Documents/106/eecs106a-finalproject'
[0.524s] Level 1:colcon.colcon_core.package_identification:_identify(.) by extensions ['ignore', 'ignore_ament_install']
[0.524s] Level 1:colcon.colcon_core.package_identification:_identify(.) by extension 'ignore'
[0.524s] Level 1:colcon.colcon_core.package_identification:_identify(.) by extension 'ignore_ament_install'
[0.525s] Level 1:colcon.colcon_core.package_identification:_identify(.) by extensions ['colcon_pkg']
[0.525s] Level 1:colcon.colcon_core.package_identification:_identify(.) by extension 'colcon_pkg'
[0.525s] Level 1:colcon.colcon_core.package_identification:_identify(.) by extensions ['colcon_meta']
[0.525s] Level 1:colcon.colcon_core.package_identification:_identify(.) by extension 'colcon_meta'
[0.526s] Level 1:colcon.colcon_core.package_identification:_identify(.) by extensions ['ros']
[0.526s] Level 1:colcon.colcon_core.package_identification:_identify(.) by extension 'ros'
[0.537s] Level 1:colcon.colcon_core.package_identification:_identify(.) by extensions ['cmake', 'python']
[0.538s] Level 1:colcon.colcon_core.package_identification:_identify(.) by extension 'cmake'
[0.538s] Level 1:colcon.colcon_core.package_identification:_identify(.) by extension 'python'
[0.538s] Level 1:colcon.colcon_core.package_identification:_identify(.) by extensions ['python_setup_py']
[0.539s] Level 1:colcon.colcon_core.package_identification:_identify(.) by extension 'python_setup_py'
[0.541s] Level 1:colcon.colcon_core.package_identification:_identify(build) by extensions ['ignore', 'ignore_ament_install']
[0.541s] Level 1:colcon.colcon_core.package_identification:_identify(build) by extension 'ignore'
[0.543s] Level 1:colcon.colcon_core.package_identification:_identify(build) ignored
[0.545s] Level 1:colcon.colcon_core.package_identification:_identify(install) by extensions ['ignore', 'ignore_ament_install']
[0.546s] Level 1:colcon.colcon_core.package_identification:_identify(install) by extension 'ignore'
[0.547s] Level 1:colcon.colcon_core.package_identification:_identify(install) ignored
[0.551s] Level 1:colcon.colcon_core.package_identification:_identify(log) by extensions ['ignore', 'ignore_ament_install']
[0.551s] Level 1:colcon.colcon_core.package_identification:_identify(log) by extension 'ignore'
[0.552s] Level 1:colcon.colcon_core.package_identification:_identify(log) ignored
[0.554s] Level 1:colcon.colcon_core.package_identification:_identify(turtlebot_interceptor) by extensions ['ignore', 'ignore_ament_install']
[0.554s] Level 1:colcon.colcon_core.package_identification:_identify(turtlebot_interceptor) by extension 'ignore'
[0.555s] Level 1:colcon.colcon_core.package_identification:_identify(turtlebot_interceptor) by extension 'ignore_ament_install'
[0.556s] Level 1:colcon.colcon_core.package_identification:_identify(turtlebot_interceptor) by extensions ['colcon_pkg']
[0.556s] Level 1:colcon.colcon_core.package_identification:_identify(turtlebot_interceptor) by extension 'colcon_pkg'
[0.557s] Level 1:colcon.colcon_core.package_identification:_identify(turtlebot_interceptor) by extensions ['colcon_meta']
[0.557s] Level 1:colcon.colcon_core.package_identification:_identify(turtlebot_interceptor) by extension 'colcon_meta'
[0.558s] Level 1:colcon.colcon_core.package_identification:_identify(turtlebot_interceptor) by extensions ['ros']
[0.558s] Level 1:colcon.colcon_core.package_identification:_identify(turtlebot_interceptor) by extension 'ros'
[0.570s] DEBUG:colcon.colcon_core.package_identification:Package 'turtlebot_interceptor' with type 'ros.ament_python' and name 'turtlebot_interceptor'
[0.570s] Level 1:colcon.colcon_core.package_discovery:discover_packages(recursive) using defaults
[0.570s] Level 1:colcon.colcon_core.package_discovery:discover_packages(ignore) discover
[0.570s] Level 1:colcon.colcon_core.package_discovery:discover_packages(ignore) using defaults
[0.570s] Level 1:colcon.colcon_core.package_discovery:discover_packages(path) discover
[0.571s] Level 1:colcon.colcon_core.package_discovery:discover_packages(path) using defaults
[0.602s] Level 1:colcon.colcon_core.package_discovery:discover_packages(prefix_path) check parameters
[0.602s] Level 1:colcon.colcon_core.package_discovery:discover_packages(prefix_path) discover
[0.606s] DEBUG:colcon.colcon_installed_package_information.package_discovery:Found 271 installed packages in /opt/ros/humble
[0.608s] Level 1:colcon.colcon_core.package_discovery:discover_packages(prefix_path) using defaults
[0.650s] Level 5:colcon.colcon_core.verb:set package 'turtlebot_interceptor' build argument 'cmake_args' from command line to 'None'
[0.650s] Level 5:colcon.colcon_core.verb:set package 'turtlebot_interceptor' build argument 'cmake_target' from command line to 'None'
[0.650s] Level 5:colcon.colcon_core.verb:set package 'turtlebot_interceptor' build argument 'cmake_target_skip_unavailable' from command line to 'False'
[0.651s] Level 5:colcon.colcon_core.verb:set package 'turtlebot_interceptor' build argument 'cmake_clean_cache' from command line to 'False'
[0.651s] Level 5:colcon.colcon_core.verb:set package 'turtlebot_interceptor' build argument 'cmake_clean_first' from command line to 'False'
[0.651s] Level 5:colcon.colcon_core.verb:set package 'turtlebot_interceptor' build argument 'cmake_force_configure' from command line to 'False'
[0.651s] Level 5:colcon.colcon_core.verb:set package 'turtlebot_interceptor' build argument 'ament_cmake_args' from command line to 'None'
[0.651s] Level 5:colcon.colcon_core.verb:set package 'turtlebot_interceptor' build argument 'catkin_cmake_args' from command line to 'None'
[0.652s] Level 5:colcon.colcon_core.verb:set package 'turtlebot_interceptor' build argument 'catkin_skip_building_tests' from command line to 'False'
[0.652s] DEBUG:colcon.colcon_core.verb:Building package 'turtlebot_interceptor' with the following arguments: {'ament_cmake_args': None, 'build_base': '/mnt/c/Users/rkwon/Documents/106/eecs106a-finalproject/build/turtlebot_interceptor', 'catkin_cmake_args': None, 'catkin_skip_building_tests': False, 'cmake_args': None, 'cmake_clean_cache': False, 'cmake_clean_first': False, 'cmake_force_configure': False, 'cmake_target': None, 'cmake_target_skip_unavailable': False, 'install_base': '/mnt/c/Users/rkwon/Documents/106/eecs106a-finalproject/install/turtlebot_interceptor', 'merge_install': False, 'path': '/mnt/c/Users/rkwon/Documents/106/eecs106a-finalproject/turtlebot_interceptor', 'symlink_install': False, 'test_result_base': None}
[0.652s] INFO:colcon.colcon_core.executor:Executing jobs using 'parallel' executor
[0.653s] DEBUG:colcon.colcon_parallel_executor.executor.parallel:run_until_complete
[0.654s] INFO:colcon.colcon_ros.task.ament_python.build:Building ROS package in '/mnt/c/Users/rkwon/Documents/106/eecs106a-finalproject/turtlebot_interceptor' with build type 'ament_python'
[0.654s] Level 1:colcon.colcon_core.shell:create_environment_hook('turtlebot_interceptor', 'ament_prefix_path')
[0.659s] INFO:colcon.colcon_core.plugin_system:Skipping extension 'colcon_core.shell.bat': Not used on non-Windows systems
[0.659s] INFO:colcon.colcon_core.shell:Creating environment hook '/mnt/c/Users/rkwon/Documents/106/eecs106a-finalproject/install/turtlebot_interceptor/share/turtlebot_interceptor/hook/ament_prefix_path.ps1'
[0.676s] INFO:colcon.colcon_core.shell:Creating environment descriptor '/mnt/c/Users/rkwon/Documents/106/eecs106a-finalproject/install/turtlebot_interceptor/share/turtlebot_interceptor/hook/ament_prefix_path.dsv'
[0.690s] INFO:colcon.colcon_core.shell:Creating environment hook '/mnt/c/Users/rkwon/Documents/106/eecs106a-finalproject/install/turtlebot_interceptor/share/turtlebot_interceptor/hook/ament_prefix_path.sh'
[0.704s] INFO:colcon.colcon_core.shell:Skip shell extension 'powershell' for command environment: Not usable outside of PowerShell
[0.704s] DEBUG:colcon.colcon_core.shell:Skip shell extension 'dsv' for command environment
[0.969s] INFO:colcon.colcon_core.task.python.build:Building Python package in '/mnt/c/Users/rkwon/Documents/106/eecs106a-finalproject/turtlebot_interceptor'
[0.970s] INFO:colcon.colcon_core.shell:Skip shell extension 'powershell' for command environment: Not usable outside of PowerShell
[0.970s] DEBUG:colcon.colcon_core.shell:Skip shell extension 'dsv' for command environment
[-10.118s] DEBUG:colcon.colcon_core.event_handler.log_command:Invoking command in '/mnt/c/Users/rkwon/Documents/106/eecs106a-finalproject/turtlebot_interceptor': PYTHONPATH=/mnt/c/Users/rkwon/Documents/106/eecs106a-finalproject/build/turtlebot_interceptor/prefix_override:/usr/lib/python3/dist-packages/colcon_core/task/python/colcon_distutils_commands:/mnt/c/Users/rkwon/Documents/106/eecs106a-finalproject/install/turtlebot_interceptor/lib/python3.10/site-packages:${PYTHONPATH} /usr/bin/python3 -W ignore:setup.py install is deprecated -W ignore:easy_install command is deprecated setup.py egg_info --egg-base ../build/turtlebot_interceptor build --build-base /mnt/c/Users/rkwon/Documents/106/eecs106a-finalproject/build/turtlebot_interceptor/build install --record /mnt/c/Users/rkwon/Documents/106/eecs106a-finalproject/build/turtlebot_interceptor/install.log --single-version-externally-managed install_data
[-8.643s] DEBUG:colcon.colcon_core.event_handler.log_command:Invoked command in '/mnt/c/Users/rkwon/Documents/106/eecs106a-finalproject/turtlebot_interceptor' returned '0': PYTHONPATH=/mnt/c/Users/rkwon/Documents/106/eecs106a-finalproject/build/turtlebot_interceptor/prefix_override:/usr/lib/python3/dist-packages/colcon_core/task/python/colcon_distutils_commands:/mnt/c/Users/rkwon/Documents/106/eecs106a-finalproject/install/turtlebot_interceptor/lib/python3.10/site-packages:${PYTHONPATH} /usr/bin/python3 -W ignore:setup.py install is deprecated -W ignore:easy_install command is deprecated setup.py egg_info --egg-base ../build/turtlebot_interceptor build --build-base /mnt/c/Users/rkwon/Documents/106/eecs106a-finalproject/build/turtlebot_interceptor/build install --record /mnt/c/Users/rkwon/Documents/106/eecs106a-finalproject/build/turtlebot_interceptor/install.log --single-version-externally-managed install_data
[-8.639s] Level 1:colcon.colcon_core.environment:checking '/mnt/c/Users/rkwon/Documents/106/eecs106a-finalproject/install/turtlebot_interceptor' for CMake module files
[-8.607s] Level 1:colcon.colcon_core.environment:checking '/mnt/c/Users/rkwon/Documents/106/eecs106a-finalproject/install/turtlebot_interceptor' for CMake config files
[-8.543s] Level 1:colcon.colcon_core.environment:checking '/mnt/c/Users/rkwon/Documents/106/eecs106a-finalproject/install/turtlebot_interceptor/lib'
[-8.539s] Level 1:colcon.colcon_core.environment:checking '/mnt/c/Users/rkwon/Documents/106/eecs106a-finalproject/install/turtlebot_interceptor/bin'
[-8.538s] Level 1:colcon.colcon_core.environment:checking '/mnt/c/Users/rkwon/Documents/106/eecs106a-finalproject/install/turtlebot_interceptor/lib/pkgconfig/turtlebot_interceptor.pc'
[-8.536s] Level 1:colcon.colcon_core.environment:checking '/mnt/c/Users/rkwon/Documents/106/eecs106a-finalproject/install/turtlebot_interceptor/lib/python3.10/site-packages'
[-8.534s] Level 1:colcon.colcon_core.shell:create_environment_hook('turtlebot_interceptor', 'pythonpath')
[-8.533s] INFO:colcon.colcon_core.shell:Creating environment hook '/mnt/c/Users/rkwon/Documents/106/eecs106a-finalproject/install/turtlebot_interceptor/share/turtlebot_interceptor/hook/pythonpath.ps1'
[-8.521s] INFO:colcon.colcon_core.shell:Creating environment descriptor '/mnt/c/Users/rkwon/Documents/106/eecs106a-finalproject/install/turtlebot_interceptor/share/turtlebot_interceptor/hook/pythonpath.dsv'
[-8.508s] INFO:colcon.colcon_core.shell:Creating environment hook '/mnt/c/Users/rkwon/Documents/106/eecs106a-finalproject/install/turtlebot_interceptor/share/turtlebot_interceptor/hook/pythonpath.sh'
[-8.495s] Level 1:colcon.colcon_core.environment:checking '/mnt/c/Users/rkwon/Documents/106/eecs106a-finalproject/install/turtlebot_interceptor/bin'
[-8.493s] Level 1:colcon.colcon_core.environment:create_environment_scripts_only(turtlebot_interceptor)
[-8.493s] INFO:colcon.colcon_core.shell:Creating package script '/mnt/c/Users/rkwon/Documents/106/eecs106a-finalproject/install/turtlebot_interceptor/share/turtlebot_interceptor/package.ps1'
[-8.482s] INFO:colcon.colcon_core.shell:Creating package descriptor '/mnt/c/Users/rkwon/Documents/106/eecs106a-finalproject/install/turtlebot_interceptor/share/turtlebot_interceptor/package.dsv'
[-8.471s] INFO:colcon.colcon_core.shell:Creating package script '/mnt/c/Users/rkwon/Documents/106/eecs106a-finalproject/install/turtlebot_interceptor/share/turtlebot_interceptor/package.sh'
[-8.459s] INFO:colcon.colcon_core.shell:Creating package script '/mnt/c/Users/rkwon/Documents/106/eecs106a-finalproject/install/turtlebot_interceptor/share/turtlebot_interceptor/package.bash'
[-8.448s] INFO:colcon.colcon_core.shell:Creating package script '/mnt/c/Users/rkwon/Documents/106/eecs106a-finalproject/install/turtlebot_interceptor/share/turtlebot_interceptor/package.zsh'
[-8.437s] Level 1:colcon.colcon_core.environment:create_file_with_runtime_dependencies(/mnt/c/Users/rkwon/Documents/106/eecs106a-finalproject/install/turtlebot_interceptor/share/colcon-core/packages/turtlebot_interceptor)
[-8.426s] DEBUG:colcon.colcon_parallel_executor.executor.parallel:closing loop
[-8.426s] DEBUG:colcon.colcon_parallel_executor.executor.parallel:loop closed
[-8.426s] DEBUG:colcon.colcon_parallel_executor.executor.parallel:run_until_complete finished with '0'
[-8.425s] DEBUG:colcon.colcon_core.event_reactor:joining thread
[-8.374s] INFO:colcon.colcon_core.plugin_system:Skipping extension 'colcon_notification.desktop_notification.notify_send': Could not find 'notify-send'
[-8.373s] INFO:colcon.colcon_core.plugin_system:Skipping extension 'colcon_notification.desktop_notification.terminal_notifier': Not used on non-Darwin systems
[-8.373s] INFO:colcon.colcon_core.plugin_system:Skipping extension 'colcon_notification.desktop_notification.win32': Not used on non-Windows systems
[-8.373s] INFO:colcon.colcon_notification.desktop_notification:Sending desktop notification using 'notify2'
[-8.373s] DEBUG:colcon.colcon_notification.desktop_notification.notify2:Failed to initialize notify2: org.freedesktop.DBus.Error.FileNotFound: Failed to connect to socket /run/user/1000/bus: No such file or directory
[-8.372s] DEBUG:colcon.colcon_core.event_reactor:joined thread
[-8.372s] INFO:colcon.colcon_core.shell:Creating prefix script '/mnt/c/Users/rkwon/Documents/106/eecs106a-finalproject/install/local_setup.ps1'
[-8.366s] INFO:colcon.colcon_core.shell:Creating prefix util module '/mnt/c/Users/rkwon/Documents/106/eecs106a-finalproject/install/_local_setup_util_ps1.py'
[-8.361s] INFO:colcon.colcon_core.shell:Creating prefix chain script '/mnt/c/Users/rkwon/Documents/106/eecs106a-finalproject/install/setup.ps1'
[-8.356s] INFO:colcon.colcon_core.shell:Creating prefix script '/mnt/c/Users/rkwon/Documents/106/eecs106a-finalproject/install/local_setup.sh'
[-8.350s] INFO:colcon.colcon_core.shell:Creating prefix util module '/mnt/c/Users/rkwon/Documents/106/eecs106a-finalproject/install/_local_setup_util_sh.py'
[-8.346s] INFO:colcon.colcon_core.shell:Creating prefix chain script '/mnt/c/Users/rkwon/Documents/106/eecs106a-finalproject/install/setup.sh'
[-8.340s] INFO:colcon.colcon_core.shell:Creating prefix script '/mnt/c/Users/rkwon/Documents/106/eecs106a-finalproject/install/local_setup.bash'
[-8.335s] INFO:colcon.colcon_core.shell:Creating prefix chain script '/mnt/c/Users/rkwon/Documents/106/eecs106a-finalproject/install/setup.bash'
[-8.329s] INFO:colcon.colcon_core.shell:Creating prefix script '/mnt/c/Users/rkwon/Documents/106/eecs106a-finalproject/install/local_setup.zsh'
[-8.325s] INFO:colcon.colcon_core.shell:Creating prefix chain script '/mnt/c/Users/rkwon/Documents/106/eecs106a-finalproject/install/setup.zsh'
