[1.710s] Invoking command in '/mnt/c/Users/rkwon/Documents/106/eecs106a-finalproject/turtlebot_interceptor': PYTHONPATH=/mnt/c/Users/rkwon/Documents/106/eecs106a-finalproject/build/turtlebot_interceptor/prefix_override:/usr/lib/python3/dist-packages/colcon_core/task/python/colcon_distutils_commands:/mnt/c/Users/rkwon/Documents/106/eecs106a-finalproject/install/turtlebot_interceptor/lib/python3.10/site-packages:${PYTHONPATH} /usr/bin/python3 -W ignore:setup.py install is deprecated -W ignore:easy_install command is deprecated setup.py egg_info --egg-base ../build/turtlebot_interceptor build --build-base /mnt/c/Users/rkwon/Documents/106/eecs106a-finalproject/build/turtlebot_interceptor/build install --record /mnt/c/Users/rkwon/Documents/106/eecs106a-finalproject/build/turtlebot_interceptor/install.log --single-version-externally-managed install_data
[2.454s] running egg_info
[2.459s] writing ../build/turtlebot_interceptor/turtlebot_interceptor.egg-info/PKG-INFO
[2.466s] writing dependency_links to ../build/turtlebot_interceptor/turtlebot_interceptor.egg-info/dependency_links.txt
[2.471s] writing entry points to ../build/turtlebot_interceptor/turtlebot_interceptor.egg-info/entry_points.txt
[2.475s] writing requirements to ../build/turtlebot_interceptor/turtlebot_interceptor.egg-info/requires.txt
[2.478s] writing top-level names to ../build/turtlebot_interceptor/turtlebot_interceptor.egg-info/top_level.txt
[2.513s] reading manifest file '../build/turtlebot_interceptor/turtlebot_interceptor.egg-info/SOURCES.txt'
[2.575s] writing manifest file '../build/turtlebot_interceptor/turtlebot_interceptor.egg-info/SOURCES.txt'
[2.578s] running build
[2.579s] running build_py
[2.619s] running install
[2.620s] running install_lib
[2.736s] running install_data
[2.759s] running install_egg_info
[2.769s] removing '/mnt/c/Users/rkwon/Documents/106/eecs106a-finalproject/install/turtlebot_interceptor/lib/python3.10/site-packages/turtlebot_interceptor-0.0.0-py3.10.egg-info' (and everything under it)
[2.824s] Copying ../build/turtlebot_interceptor/turtlebot_interceptor.egg-info to /mnt/c/Users/rkwon/Documents/106/eecs106a-finalproject/install/turtlebot_interceptor/lib/python3.10/site-packages/turtlebot_interceptor-0.0.0-py3.10.egg-info
[3.054s] running install_scripts
[3.122s] Installing controller_node script to /mnt/c/Users/rkwon/Documents/106/eecs106a-finalproject/install/turtlebot_interceptor/lib/turtlebot_interceptor
[3.133s] Installing trajectory_node script to /mnt/c/Users/rkwon/Documents/106/eecs106a-finalproject/install/turtlebot_interceptor/lib/turtlebot_interceptor
[3.145s] writing list of installed files to '/mnt/c/Users/rkwon/Documents/106/eecs106a-finalproject/build/turtlebot_interceptor/install.log'
[3.168s] Invoked command in '/mnt/c/Users/rkwon/Documents/106/eecs106a-finalproject/turtlebot_interceptor' returned '0': PYTHONPATH=/mnt/c/Users/rkwon/Documents/106/eecs106a-finalproject/build/turtlebot_interceptor/prefix_override:/usr/lib/python3/dist-packages/colcon_core/task/python/colcon_distutils_commands:/mnt/c/Users/rkwon/Documents/106/eecs106a-finalproject/install/turtlebot_interceptor/lib/python3.10/site-packages:${PYTHONPATH} /usr/bin/python3 -W ignore:setup.py install is deprecated -W ignore:easy_install command is deprecated setup.py egg_info --egg-base ../build/turtlebot_interceptor build --build-base /mnt/c/Users/rkwon/Documents/106/eecs106a-finalproject/build/turtlebot_interceptor/build install --record /mnt/c/Users/rkwon/Documents/106/eecs106a-finalproject/build/turtlebot_interceptor/install.log --single-version-externally-managed install_data
